Using pre-set license
Built from '2021.1/staging' branch; Version is '2021.1.6f1 (c0fade0cc7e9) revision 12647134'; Using compiler version '192528614'; Build Type 'Release'
OS: 'Windows 10 Home; OS build 19043.1348; Version 2009; 64bit' Language: 'fr' Physical Memory: 16256 MB
BatchMode: 1, IsHumanControllingUs: 0, StartBugReporterOnCrash: 0, Is64bit: 1, IsPro: 0

 COMMAND LINE ARGUMENTS:
C:\Program Files\Unity 2021.1.6f1\Editor\Unity.exe
-adb2
-batchMode
-noUpm
-name
AssetImportWorker0
-projectPath
D:/Unity/Prog Visuelle/ProjetUnityProg/Prog.Visuelle
-logFile
Logs/AssetImportWorker0.log
-srvPort
57252
Successfully changed project path to: D:/Unity/Prog Visuelle/ProjetUnityProg/Prog.Visuelle
D:/Unity/Prog Visuelle/ProjetUnityProg/Prog.Visuelle
Using Asset Import Pipeline V2.
Refreshing native plugins compatible for Editor in 72.01 ms, found 1 plugins.
Preloading 0 native plugins for Editor in 0.00 ms.
Initialize engine version: 2021.1.6f1 (c0fade0cc7e9)
[Subsystems] Discovering subsystems at path C:/Program Files/Unity 2021.1.6f1/Editor/Data/Resources/UnitySubsystems
[Subsystems] Discovering subsystems at path D:/Unity/Prog Visuelle/ProjetUnityProg/Prog.Visuelle/Assets
GfxDevice: creating device client; threaded=0; jobified=0
Direct3D:
    Version:  Direct3D 11.0 [level 11.1]
    Renderer: NVIDIA GeForce RTX 2070 with Max-Q Design (ID=0x1f14)
    Vendor:   NVIDIA
    VRAM:     8031 MB
    Driver:   27.21.14.6275
Initialize mono
Mono path[0] = 'C:/Program Files/Unity 2021.1.6f1/Editor/Data/Managed'
Mono path[1] = 'C:/Program Files/Unity 2021.1.6f1/Editor/Data/MonoBleedingEdge/lib/mono/unityjit'
Mono config path = 'C:/Program Files/Unity 2021.1.6f1/Editor/Data/MonoBleedingEdge/etc'
Using monoOptions --debugger-agent=transport=dt_socket,embedding=1,server=y,suspend=n,address=127.0.0.1:56988
Begin MonoManager ReloadAssembly
Registering precompiled unity dll's ...
Register platform support module: C:/Program Files/Unity 2021.1.6f1/Editor/Data/PlaybackEngines/WebGLSupport/UnityEditor.WebGL.Extensions.dll
Register platform support module: C:/Program Files/Unity 2021.1.6f1/Editor/Data/PlaybackEngines/WindowsStandaloneSupport/UnityEditor.WindowsStandalone.Extensions.dll
Registered in 0.001932 seconds.
Native extension for WindowsStandalone target not found
Native extension for WebGL target not found
Refreshing native plugins compatible for Editor in 76.52 ms, found 1 plugins.
Preloading 0 native plugins for Editor in 0.00 ms.
Mono: successfully reloaded assembly
- Completed reload, in  1.156 seconds
Platform modules already initialized, skipping
Registering precompiled user dll's ...
Registered in 0.002060 seconds.
Begin MonoManager ReloadAssembly
Native extension for WindowsStandalone target not found
Native extension for WebGL target not found
Refreshing native plugins compatible for Editor in 0.56 ms, found 1 plugins.
Preloading 0 native plugins for Editor in 0.00 ms.
Mono: successfully reloaded assembly
- Completed reload, in  0.934 seconds
Platform modules already initialized, skipping
========================================================================
Worker process is ready to serve import requests
Launched and connected shader compiler UnityShaderCompiler.exe after 0.03 seconds
Refreshing native plugins compatible for Editor in 2.25 ms, found 1 plugins.
Preloading 0 native plugins for Editor in 0.00 ms.
Unloading 2665 Unused Serialized files (Serialized files now loaded: 0)
System memory in use before: 99.2 MB.
System memory in use after: 99.3 MB.

Unloading 15 unused Assets to reduce memory usage. Loaded Objects now: 3121.
Total: 8.538700 ms (FindLiveObjects: 1.123500 ms CreateObjectMapping: 0.664900 ms MarkObjects: 6.566900 ms  DeleteObjects: 0.178200 ms)

========================================================================
Received Import Request.
  path: Assets/Background Alien Skyscrapers Free/Materials
  artifactKey: Guid(a9efe9036569ffd4980aedc356cf5a51) Importer(815301076,1909f56bfc062723c751e8b465ee728b)
Start importing Assets/Background Alien Skyscrapers Free/Materials using Guid(a9efe9036569ffd4980aedc356cf5a51) Importer(815301076,1909f56bfc062723c751e8b465ee728b)  -> (artifact id: 'a7b9affea9b5391968f2ca3110a18507') in 0.025445 seconds 
========================================================================
Received Import Request.
  Time since last request: 0.000377 seconds.
  path: Assets/Background Alien Skyscrapers Free/Materials/AlienSkyscrapers_Night.mat
  artifactKey: Guid(fa33fbef53dbd604ab7821595be1c5cb) Importer(815301076,1909f56bfc062723c751e8b465ee728b)
Start importing Assets/Background Alien Skyscrapers Free/Materials/AlienSkyscrapers_Night.mat using Guid(fa33fbef53dbd604ab7821595be1c5cb) Importer(815301076,1909f56bfc062723c751e8b465ee728b)  -> (artifact id: '5a08df3e41dcd38877c4b9145465436a') in 0.204991 seconds 
========================================================================
Received Import Request.
  Time since last request: 0.000220 seconds.
  path: Assets/Background Alien Skyscrapers Free/Materials/AlienSkyscrapers.mat
  artifactKey: Guid(16950efbb4fc3464c9480ebf3bcbd9eb) Importer(815301076,1909f56bfc062723c751e8b465ee728b)
Start importing Assets/Background Alien Skyscrapers Free/Materials/AlienSkyscrapers.mat using Guid(16950efbb4fc3464c9480ebf3bcbd9eb) Importer(815301076,1909f56bfc062723c751e8b465ee728b)  -> (artifact id: '445ab0ffccd7bc51fcf2fa816176d11c') in 0.056683 seconds 
========================================================================
Received Import Request.
  Time since last request: 52.800170 seconds.
  path: Assets/Art/Characters
  artifactKey: Guid(75f680bda639622409164810e84b91f9) Importer(815301076,1909f56bfc062723c751e8b465ee728b)
Start importing Assets/Art/Characters using Guid(75f680bda639622409164810e84b91f9) Importer(815301076,1909f56bfc062723c751e8b465ee728b)  -> (artifact id: '6313ece84ea7a1dc5e37dc0af1da64fd') in 0.013815 seconds 
========================================================================
Received Import Request.
  Time since last request: 1.138062 seconds.
  path: Assets/Art/Characters/Hero
  artifactKey: Guid(9c0a5a10530c54245b7061b32c6ffc31) Importer(815301076,1909f56bfc062723c751e8b465ee728b)
Start importing Assets/Art/Characters/Hero using Guid(9c0a5a10530c54245b7061b32c6ffc31) Importer(815301076,1909f56bfc062723c751e8b465ee728b)  -> (artifact id: '987b5dc958c83fd7fd1f7e4c4dc14450') in 0.015608 seconds 
========================================================================
Received Import Request.
  Time since last request: 0.998214 seconds.
  path: Assets/Art/Characters/Hero/Animation
  artifactKey: Guid(0959dc014067c4e4ca6fc08abb00851b) Importer(815301076,1909f56bfc062723c751e8b465ee728b)
Start importing Assets/Art/Characters/Hero/Animation using Guid(0959dc014067c4e4ca6fc08abb00851b) Importer(815301076,1909f56bfc062723c751e8b465ee728b)  -> (artifact id: '99a282b741226ef1dcc804c2ee909f89') in 0.014028 seconds 
========================================================================
Received Import Request.
  Time since last request: 19.631014 seconds.
  path: Assets/Meshes
  artifactKey: Guid(35e34bf3a1459564b80f396ff79a8735) Importer(815301076,1909f56bfc062723c751e8b465ee728b)
Start importing Assets/Meshes using Guid(35e34bf3a1459564b80f396ff79a8735) Importer(815301076,1909f56bfc062723c751e8b465ee728b)  -> (artifact id: 'd0fe2540d6d482ba9b13127762dcb205') in 0.016142 seconds 
AssetImportWorkerClient::OnTransportError - code=2 error=End of file
